make all --print-data-base --no-builtin-variables --no-builtin-rules --question
# GNU Make 4.3
# Built for x86_64-pc-linux-gnu
# Copyright (C) 1988-2020 Free Software Foundation, Inc.
# License GPLv3+: GNU GPL version 3 or later <http://gnu.org/licenses/gpl.html>
# This is free software: you are free to change and redistribute it.
# There is NO WARRANTY, to the extent permitted by law.

# Make data base, printed on Mon Apr 11 20:48:31 2022

# Variables

# environment
GDK_BACKEND = x11
# environment
LC_ALL = C
# environment
GNOME_SHELL_SESSION_MODE = ubuntu
# environment
SSH_AGENT_LAUNCHER = gnome-keyring
# environment
SNAP_INSTANCE_KEY = 
# environment
GJS_DEBUG_OUTPUT = stderr
# environment
VSCODE_IPC_HOOK_EXTHOST = /run/user/1000/vscode-ipc-bfca97ac-7164-4927-ba2e-cf1c5b8cb5f6.sock
# environment
LC_NAME = pl_PL.UTF-8
# environment
LC_NUMERIC = pl_PL.UTF-8
# environment
VSCODE_CWD = /home/j
# environment
LC_ADDRESS = pl_PL.UTF-8
# default
MAKE_COMMAND := make
# environment
QT_ACCESSIBILITY = 1
# automatic
@D = $(patsubst %/,%,$(dir $@))
# environment
SNAP_INSTANCE_NAME = code
# environment
GDK_PIXBUF_MODULEDIR = /snap/code/93/usr/lib/x86_64-linux-gnu/gdk-pixbuf-2.0/2.10.0/loaders
# environment
VSCODE_HANDLES_UNCAUGHT_ERRORS = true
# default
.VARIABLES := 
# environment
PWD = /home/j/Documents/IPP/JagodaBobinskaMaleZadanie
# automatic
%D = $(patsubst %/,%,$(dir $%))
# environment
XDG_DATA_DIRS = /usr/share/ubuntu:/usr/local/share/:/usr/share/:/var/lib/snapd/desktop
# automatic
^D = $(patsubst %/,%,$(dir $^))
# environment
VSCODE_LOG_STACK = false
# automatic
%F = $(notdir $%)
# environment
VSCODE_CODE_CACHE_PATH = /home/j/.config/Code/CachedData/8dfae7a5cd50421d10cd99cb873990460525a898
# environment
LANG = C
# environment
XAUTHORITY = /run/user/1000/.mutter-Xwaylandauth.KPEQK1
# default
.LOADED := 
# default
.INCLUDE_DIRS = /usr/local/include /usr/include /usr/include
# makefile
MAKEFLAGS = pqrR
# makefile
CURDIR := /home/j/Documents/IPP/JagodaBobinskaMaleZadanie
# environment
VSCODE_PIPE_LOGGING = true
# environment
APPLICATION_INSIGHTS_NO_DIAGNOSTIC_CHANNEL = 1
# environment
LESSOPEN = | /usr/bin/lesspipe %s
# automatic
*D = $(patsubst %/,%,$(dir $*))
# environment
MFLAGS = -pqrR
# environment
SSH_AUTH_SOCK = /run/user/1000/keyring/ssh
# default
.SHELLFLAGS := -c
# environment
WAYLAND_DISPLAY = wayland-0
# environment
XDG_CONFIG_DIRS = /etc/xdg/xdg-ubuntu:/etc/xdg
# automatic
+D = $(patsubst %/,%,$(dir $+))
# environment
XDG_SESSION_DESKTOP = ubuntu
# makefile (from 'Makefile', line 1)
MAKEFILE_LIST := Makefile
# environment
SNAP_REEXEC = 
# automatic
@F = $(notdir $@)
# environment
VSCODE_VERBOSE_LOGGING = true
# environment
VSCODE_PID = 13462
# environment
XDG_SESSION_TYPE = wayland
# automatic
?D = $(patsubst %/,%,$(dir $?))
# environment
BAMF_DESKTOP_FILE_HINT = /var/lib/snapd/desktop/applications/code_code.desktop
# environment
SESSION_MANAGER = local/goda:@/tmp/.ICE-unix/1588,unix/goda:/tmp/.ICE-unix/1588
# automatic
*F = $(notdir $*)
# environment
CHROME_DESKTOP = code-url-handler.desktop
# environment
DBUS_SESSION_BUS_ADDRESS = unix:path=/run/user/1000/bus
# automatic
<D = $(patsubst %/,%,$(dir $<))
# environment
VSCODE_NLS_CONFIG = {"locale":"en-us","availableLanguages":{},"_languagePackSupport":true}
# default
MAKE_HOST := x86_64-pc-linux-gnu
# environment
GNOME_DESKTOP_SESSION_ID = this-is-deprecated
# makefile
SHELL = /bin/sh
# default
MAKECMDGOALS := all
# environment
XMODIFIERS = @im=ibus
# environment
GJS_DEBUG_TOPICS = JS ERROR;JS LOG
# environment
SHLVL = 0
# environment
MAKELEVEL := 0
# environment
IM_CONFIG_CHECK_ENV = 1
# default
MAKE = $(MAKE_COMMAND)
# environment
SNAP_COOKIE = ooylLrBgZa0IO5QfzGPX-Tcj1pSIXeD0sy3rsV0l3f3t4LnyI6AP
# environment
PATH = /usr/local/texlive/2021/bin/x86_64-linux:/usr/local/texlive/2021/bin/x86_64-linux:/usr/local/sbin:/usr/local/bin:/usr/sbin:/usr/bin:/sbin:/bin:/usr/games:/usr/local/games:/snap/bin:/snap/bin
# default
MAKEFILES := 
# environment
LC_MONETARY = pl_PL.UTF-8
# automatic
^F = $(notdir $^)
# environment
SNAP_USER_COMMON = /home/j/snap/code/common
# environment
LC_TIME = pl_PL.UTF-8
# environment
SNAP = /snap/code/93
# environment
INVOCATION_ID = c0333548d8844030bf6963af2e4d8d90
# environment
SNAP_REVISION = 93
# environment
SNAP_REAL_HOME = /home/j
# environment
VSCODE_LOG_NATIVE = false
# environment
USERNAME = j
# environment
GNOME_SETUP_DISPLAY = :1
# environment
LC_TELEPHONE = pl_PL.UTF-8
# environment
LESSCLOSE = /usr/bin/lesspipe %s %s
# automatic
?F = $(notdir $?)
# environment
XDG_CURRENT_DESKTOP = Unity
# environment
LS_COLORS = 
# automatic
+F = $(notdir $+)
# environment
DESKTOP_SESSION = ubuntu
# environment
ORIGINAL_XDG_CURRENT_DESKTOP = ubuntu:GNOME
# 'override' directive
GNUMAKEFLAGS := 
# environment
LOGNAME = j
# environment
GIO_LAUNCHED_DESKTOP_FILE = /var/lib/snapd/desktop/applications/code_code.desktop
# environment
SNAP_ARCH = amd64
# makefile
.DEFAULT_GOAL := all
# environment
DISPLAY = :0
# environment
USER = j
# environment
GTK_MODULES = gail:atk-bridge
# default
MAKE_VERSION := 4.3
# environment
DISABLE_WAYLAND = 1
# environment
SNAP_DATA = /var/snap/code/93
# environment
SNAP_CONTEXT = ooylLrBgZa0IO5QfzGPX-Tcj1pSIXeD0sy3rsV0l3f3t4LnyI6AP
# environment
MANAGERPID = 1435
# environment
LC_MEASUREMENT = pl_PL.UTF-8
# environment
GIO_LAUNCHED_DESKTOP_FILE_PID = 13414
# environment
_ = /snap/code/93/usr/share/code/code
# environment
LC_PAPER = pl_PL.UTF-8
# environment
XDG_RUNTIME_DIR = /run/user/1000
# makefile (from 'Makefile', line 2)
CFLAGS = -g -Wall -Wextra -Wno-implicit-fallthrough -std=c17 -O2
# environment
GDK_PIXBUF_MODULE_FILE = /home/j/snap/code/common/.cache/gdk-pixbuf-loaders.cache
# environment
JOURNAL_STREAM = 8:31214
# environment
XDG_SESSION_CLASS = user
# environment
VSCODE_AMD_ENTRYPOINT = vs/workbench/api/node/extensionHostProcess
# environment
HOME = /home/j
# environment
QT_IM_MODULE = ibus
# environment
ELECTRON_RUN_AS_NODE = 1
# environment
VSCODE_IPC_HOOK = /run/user/1000/vscode-d21a3b6f-1.66.1-main.sock
# environment
SNAP_NAME = code
# environment
GSETTINGS_SCHEMA_DIR = /snap/code/93/usr/share/glib-2.0/schemas
# environment
IM_CONFIG_PHASE = 1
# default
.RECIPEPREFIX := 
# automatic
<F = $(notdir $<)
# makefile (from 'Makefile', line 3)
DEPS = kolejka.o bitset.o hex.o ciag.o wejscie.o main.o pomocnicze.o
# environment
SNAP_VERSION = 8dfae7a5
# default
SUFFIXES := 
# environment
VSCODE_CLI = 1
# environment
ELECTRON_NO_ATTACH_CONSOLE = 1
# environment
SNAP_COMMON = /var/snap/code/common
# default
.FEATURES := target-specific order-only second-expansion else-if shortest-stem undefine oneshell nocomment grouped-target extra-prereqs archives jobserver output-sync check-symlink load
# makefile (from 'Makefile', line 1)
CC = gcc
# environment
SNAP_USER_DATA = /home/j/snap/code/93
# environment
XDG_MENU_PREFIX = gnome-
# environment
GDMSESSION = ubuntu
# environment
LC_IDENTIFICATION = pl_PL.UTF-8
# environment
SNAP_LIBRARY_PATH = /var/lib/snapd/lib/gl:/var/lib/snapd/lib/gl32:/var/lib/snapd/void
# variable set hash-table stats:
# Load=133/1024=13%, Rehash=0, Collisions=5/169=3%

# Pattern-specific Variable Values

# No pattern-specific variable values.

# Directories

 
# . (device 2053, inode 304168): 18 files, no impossibilities.

# 18 files, no impossibilities in 1 directories.

# Implicit Rules

# No implicit rules.

# Files

pomocnicze.o: pomocnicze.c pomocnicze.h
#  Implicit rule search has not been done.
#  Modification time never checked.
#  File has not been updated.
#  recipe to execute (from 'Makefile', line 11):
	$(CC) $(CFLAGS) -c pomocnicze.c

# Not a target:
hex.c:
#  Implicit rule search has not been done.
#  Modification time never checked.
#  File has not been updated.

# Not a target:
kolejka.c:
#  Implicit rule search has been done.
#  Last modified 2022-04-01 23:14:57.931956
#  File has been updated.
#  Successfully updated.

# Not a target:
pomocnicze.c:
#  Implicit rule search has not been done.
#  Modification time never checked.
#  File has not been updated.

ciag.o: ciag.c ciag.h kolejka.h bitset.h
#  Implicit rule search has not been done.
#  Modification time never checked.
#  File has not been updated.
#  recipe to execute (from 'Makefile', line 23):
	$(CC) $(CFLAGS) -c ciag.c

# Not a target:
Makefile:
#  Implicit rule search has been done.
#  Last modified 2022-04-02 22:23:50.584157305
#  File has been updated.
#  Successfully updated.

# Not a target:
hex.h:
#  Implicit rule search has not been done.
#  Modification time never checked.
#  File has not been updated.

hex.o: hex.c hex.h kolejka.h pomocnicze.h
#  Implicit rule search has not been done.
#  Modification time never checked.
#  File has not been updated.
#  recipe to execute (from 'Makefile', line 17):
	$(CC) $(CFLAGS) -c hex.c

clean:
#  Phony target (prerequisite of .PHONY).
#  Implicit rule search has not been done.
#  File does not exist.
#  File has not been updated.
#  recipe to execute (from 'Makefile', line 34):
	rm -f *.o labirynth

# Not a target:
wejscie.c:
#  Implicit rule search has not been done.
#  Modification time never checked.
#  File has not been updated.

kolejka.o: kolejka.c kolejka.h pomocnicze.h
#  Implicit rule search has not been done.
#  Implicit/static pattern stem: ''
#  File does not exist.
#  File has been updated.
#  Needs to be updated (-q is set).
# automatic
# @ := kolejka.o
# automatic
# * := 
# automatic
# < := kolejka.c
# automatic
# + := kolejka.c kolejka.h pomocnicze.h
# automatic
# % := 
# automatic
# ^ := kolejka.c kolejka.h pomocnicze.h
# automatic
# ? := kolejka.c kolejka.h pomocnicze.h
# automatic
# | := 
# variable set hash-table stats:
# Load=8/32=25%, Rehash=0, Collisions=2/13=15%
#  recipe to execute (from 'Makefile', line 14):
	$(CC) $(CFLAGS) -c kolejka.c

# Not a target:
ciag.c:
#  Implicit rule search has not been done.
#  Modification time never checked.
#  File has not been updated.

# Not a target:
wejscie.h:
#  Implicit rule search has not been done.
#  Modification time never checked.
#  File has not been updated.

# Not a target:
kolejka.h:
#  Implicit rule search has been done.
#  Last modified 2022-04-01 21:36:34.562871
#  File has been updated.
#  Successfully updated.

# Not a target:
.DEFAULT:
#  Implicit rule search has not been done.
#  Modification time never checked.
#  File has not been updated.

all: main
#  Phony target (prerequisite of .PHONY).
#  Command line target.
#  Implicit rule search has not been done.
#  File does not exist.
#  File has been updated.
#  Needs to be updated (-q is set).
# variable set hash-table stats:
# Load=0/32=0%, Rehash=0, Collisions=0/5=0%

# Not a target:
main.c:
#  Implicit rule search has not been done.
#  Modification time never checked.
#  File has not been updated.

main: kolejka.o bitset.o hex.o ciag.o wejscie.o main.o pomocnicze.o
#  Implicit rule search has not been done.
#  File does not exist.
#  File has been updated.
#  Needs to be updated (-q is set).
# variable set hash-table stats:
# Load=0/32=0%, Rehash=0, Collisions=0/5=0%
#  recipe to execute (from 'Makefile', line 8):
	$(CC) $(CFLAGS) -o labyrinth $(DEPS)

# Not a target:
bitset.c:
#  Implicit rule search has not been done.
#  Modification time never checked.
#  File has not been updated.

main.o: main.c wejscie.h ciag.h hex.h
#  Implicit rule search has not been done.
#  Modification time never checked.
#  File has not been updated.
#  recipe to execute (from 'Makefile', line 29):
	$(CC) $(CLAGS) -c main.c

# Not a target:
ciag.h:
#  Implicit rule search has not been done.
#  Modification time never checked.
#  File has not been updated.

wejscie.o: wejscie.c wejscie.h ciag.h hex.h pomocnicze.h
#  Implicit rule search has not been done.
#  Modification time never checked.
#  File has not been updated.
#  recipe to execute (from 'Makefile', line 26):
	$(CC) $(CLAGS) -c wejscie.c

# Not a target:
pomocnicze.h:
#  Implicit rule search has been done.
#  Last modified 2022-04-02 22:16:07.815466114
#  File has been updated.
#  Successfully updated.

# Not a target:
.SUFFIXES:
#  Implicit rule search has not been done.
#  Modification time never checked.
#  File has not been updated.

.PHONY: all clean
#  Implicit rule search has not been done.
#  Modification time never checked.
#  File has not been updated.

# Not a target:
bitset.h:
#  Implicit rule search has not been done.
#  Modification time never checked.
#  File has not been updated.

bitset.o: bitset.c bitset.h
#  Implicit rule search has not been done.
#  Modification time never checked.
#  File has not been updated.
#  recipe to execute (from 'Makefile', line 20):
	$(CC) $(CFLAGS) -c bitset.c

# files hash-table stats:
# Load=27/1024=3%, Rehash=0, Collisions=0/82=0%
# VPATH Search Paths

# No 'vpath' search paths.

# No general ('VPATH' variable) search path.

# strcache buffers: 1 (0) / strings = 33 / storage = 282 B / avg = 8 B
# current buf: size = 8162 B / used = 282 B / count = 33 / avg = 8 B

# strcache performance: lookups = 84 / hit rate = 60%
# hash-table stats:
# Load=33/8192=0%, Rehash=0, Collisions=0/84=0%
# Finished Make data base on Mon Apr 11 20:48:31 2022

 
